Performing C SOURCE FILE Test MULTIPASS_TEST_1_petsc_works_minimal failed with the following compile output:
Change Dir: /home/oem/PRG/CPP/Paulo/MEFPoro/v6_static_NewHessiana_07_06_2022/build/CMakeFiles/CMakeTmp

Run Build Command(s):/usr/bin/make cmTC_b4537/fast && /usr/bin/make -f CMakeFiles/cmTC_b4537.dir/build.make CMakeFiles/cmTC_b4537.dir/build
make[1]: Entrando no diretório '/home/oem/PRG/CPP/Paulo/MEFPoro/v6_static_NewHessiana_07_06_2022/build/CMakeFiles/CMakeTmp'
Building C object CMakeFiles/cmTC_b4537.dir/src.c.o
/usr/bin/cc  -I/home/oem/petsc/arch-linux2-c-debug/include -I/home/oem/petsc/include  -DMULTIPASS_TEST_1_petsc_works_minimal   -o CMakeFiles/cmTC_b4537.dir/src.c.o   -c /home/oem/PRG/CPP/Paulo/MEFPoro/v6_static_NewHessiana_07_06_2022/build/CMakeFiles/CMakeTmp/src.c
In file included from /home/oem/petsc/include/petscvec.h:9,
                 from /home/oem/petsc/include/petscmat.h:6,
                 from /home/oem/petsc/include/petscpc.h:6,
                 from /home/oem/petsc/include/petscksp.h:6,
                 from /home/oem/petsc/include/petscsnes.h:6,
                 from /home/oem/petsc/include/petscts.h:7,
                 from /home/oem/PRG/CPP/Paulo/MEFPoro/v6_static_NewHessiana_07_06_2022/build/CMakeFiles/CMakeTmp/src.c:3:
/home/oem/petsc/include/petscsys.h:162:12: fatal error: mpi.h: Arquivo ou diretório inexistente
  162 | #  include <mpi.h>
      |            ^~~~~~~
compilation terminated.
make[1]: *** [CMakeFiles/cmTC_b4537.dir/build.make:66: CMakeFiles/cmTC_b4537.dir/src.c.o] Erro 1
make[1]: Saindo do diretório '/home/oem/PRG/CPP/Paulo/MEFPoro/v6_static_NewHessiana_07_06_2022/build/CMakeFiles/CMakeTmp'
make: *** [Makefile:121: cmTC_b4537/fast] Erro 2


...and run output:

Return value: 1
Source file was:

static const char help[] = "PETSc test program.";
#include <petscts.h>
int main(int argc,char *argv[]) {
  PetscErrorCode ierr;
  TS ts;
  ierr = PetscInitialize(&argc,&argv,0,help);CHKERRQ(ierr);
  ierr = TSCreate(PETSC_COMM_WORLD,&ts);CHKERRQ(ierr);
  ierr = TSSetFromOptions(ts);CHKERRQ(ierr);
  ierr = TSDestroy(&ts);CHKERRQ(ierr);
  ierr = PetscFinalize();CHKERRQ(ierr);
  return 0;
}

Performing C SOURCE FILE Test MULTIPASS_TEST_2_petsc_works_allincludes failed with the following compile output:
Change Dir: /home/oem/PRG/CPP/Paulo/MEFPoro/v6_static_NewHessiana_07_06_2022/build/CMakeFiles/CMakeTmp

Run Build Command(s):/usr/bin/make cmTC_aa808/fast && /usr/bin/make -f CMakeFiles/cmTC_aa808.dir/build.make CMakeFiles/cmTC_aa808.dir/build
make[1]: Entrando no diretório '/home/oem/PRG/CPP/Paulo/MEFPoro/v6_static_NewHessiana_07_06_2022/build/CMakeFiles/CMakeTmp'
Building C object CMakeFiles/cmTC_aa808.dir/src.c.o
/usr/bin/cc  -I/home/oem/petsc/include -I/home/oem/petsc/arch-linux2-c-debug/include  -DMULTIPASS_TEST_2_petsc_works_allincludes   -o CMakeFiles/cmTC_aa808.dir/src.c.o   -c /home/oem/PRG/CPP/Paulo/MEFPoro/v6_static_NewHessiana_07_06_2022/build/CMakeFiles/CMakeTmp/src.c
In file included from /home/oem/petsc/include/petscvec.h:9,
                 from /home/oem/petsc/include/petscmat.h:6,
                 from /home/oem/petsc/include/petscpc.h:6,
                 from /home/oem/petsc/include/petscksp.h:6,
                 from /home/oem/petsc/include/petscsnes.h:6,
                 from /home/oem/petsc/include/petscts.h:7,
                 from /home/oem/PRG/CPP/Paulo/MEFPoro/v6_static_NewHessiana_07_06_2022/build/CMakeFiles/CMakeTmp/src.c:3:
/home/oem/petsc/include/petscsys.h:162:12: fatal error: mpi.h: Arquivo ou diretório inexistente
  162 | #  include <mpi.h>
      |            ^~~~~~~
compilation terminated.
make[1]: *** [CMakeFiles/cmTC_aa808.dir/build.make:66: CMakeFiles/cmTC_aa808.dir/src.c.o] Erro 1
make[1]: Saindo do diretório '/home/oem/PRG/CPP/Paulo/MEFPoro/v6_static_NewHessiana_07_06_2022/build/CMakeFiles/CMakeTmp'
make: *** [Makefile:121: cmTC_aa808/fast] Erro 2


...and run output:

Return value: 1
Source file was:

static const char help[] = "PETSc test program.";
#include <petscts.h>
int main(int argc,char *argv[]) {
  PetscErrorCode ierr;
  TS ts;
  ierr = PetscInitialize(&argc,&argv,0,help);CHKERRQ(ierr);
  ierr = TSCreate(PETSC_COMM_WORLD,&ts);CHKERRQ(ierr);
  ierr = TSSetFromOptions(ts);CHKERRQ(ierr);
  ierr = TSDestroy(&ts);CHKERRQ(ierr);
  ierr = PetscFinalize();CHKERRQ(ierr);
  return 0;
}

Performing C SOURCE FILE Test MULTIPASS_TEST_3_petsc_works_alllibraries failed with the following compile output:
Change Dir: /home/oem/PRG/CPP/Paulo/MEFPoro/v6_static_NewHessiana_07_06_2022/build/CMakeFiles/CMakeTmp

Run Build Command(s):/usr/bin/make cmTC_61f71/fast && /usr/bin/make -f CMakeFiles/cmTC_61f71.dir/build.make CMakeFiles/cmTC_61f71.dir/build
make[1]: Entrando no diretório '/home/oem/PRG/CPP/Paulo/MEFPoro/v6_static_NewHessiana_07_06_2022/build/CMakeFiles/CMakeTmp'
Building C object CMakeFiles/cmTC_61f71.dir/src.c.o
/usr/bin/cc  -I/home/oem/petsc/arch-linux2-c-debug/include -I/home/oem/petsc/include  -DMULTIPASS_TEST_3_petsc_works_alllibraries   -o CMakeFiles/cmTC_61f71.dir/src.c.o   -c /home/oem/PRG/CPP/Paulo/MEFPoro/v6_static_NewHessiana_07_06_2022/build/CMakeFiles/CMakeTmp/src.c
In file included from /home/oem/petsc/include/petscvec.h:9,
                 from /home/oem/petsc/include/petscmat.h:6,
                 from /home/oem/petsc/include/petscpc.h:6,
                 from /home/oem/petsc/include/petscksp.h:6,
                 from /home/oem/petsc/include/petscsnes.h:6,
                 from /home/oem/petsc/include/petscts.h:7,
                 from /home/oem/PRG/CPP/Paulo/MEFPoro/v6_static_NewHessiana_07_06_2022/build/CMakeFiles/CMakeTmp/src.c:3:
/home/oem/petsc/include/petscsys.h:162:12: fatal error: mpi.h: Arquivo ou diretório inexistente
  162 | #  include <mpi.h>
      |            ^~~~~~~
compilation terminated.
make[1]: *** [CMakeFiles/cmTC_61f71.dir/build.make:66: CMakeFiles/cmTC_61f71.dir/src.c.o] Erro 1
make[1]: Saindo do diretório '/home/oem/PRG/CPP/Paulo/MEFPoro/v6_static_NewHessiana_07_06_2022/build/CMakeFiles/CMakeTmp'
make: *** [Makefile:121: cmTC_61f71/fast] Erro 2


...and run output:

Return value: 1
Source file was:

static const char help[] = "PETSc test program.";
#include <petscts.h>
int main(int argc,char *argv[]) {
  PetscErrorCode ierr;
  TS ts;
  ierr = PetscInitialize(&argc,&argv,0,help);CHKERRQ(ierr);
  ierr = TSCreate(PETSC_COMM_WORLD,&ts);CHKERRQ(ierr);
  ierr = TSSetFromOptions(ts);CHKERRQ(ierr);
  ierr = TSDestroy(&ts);CHKERRQ(ierr);
  ierr = PetscFinalize();CHKERRQ(ierr);
  return 0;
}

Performing C SOURCE FILE Test MULTIPASS_TEST_4_petsc_works_all failed with the following compile output:
Change Dir: /home/oem/PRG/CPP/Paulo/MEFPoro/v6_static_NewHessiana_07_06_2022/build/CMakeFiles/CMakeTmp

Run Build Command(s):/usr/bin/make cmTC_873a7/fast && /usr/bin/make -f CMakeFiles/cmTC_873a7.dir/build.make CMakeFiles/cmTC_873a7.dir/build
make[1]: Entrando no diretório '/home/oem/PRG/CPP/Paulo/MEFPoro/v6_static_NewHessiana_07_06_2022/build/CMakeFiles/CMakeTmp'
Building C object CMakeFiles/cmTC_873a7.dir/src.c.o
/usr/bin/cc  -I/home/oem/petsc/include -I/home/oem/petsc/arch-linux2-c-debug/include  -DMULTIPASS_TEST_4_petsc_works_all   -o CMakeFiles/cmTC_873a7.dir/src.c.o   -c /home/oem/PRG/CPP/Paulo/MEFPoro/v6_static_NewHessiana_07_06_2022/build/CMakeFiles/CMakeTmp/src.c
In file included from /home/oem/petsc/include/petscvec.h:9,
                 from /home/oem/petsc/include/petscmat.h:6,
                 from /home/oem/petsc/include/petscpc.h:6,
                 from /home/oem/petsc/include/petscksp.h:6,
                 from /home/oem/petsc/include/petscsnes.h:6,
                 from /home/oem/petsc/include/petscts.h:7,
                 from /home/oem/PRG/CPP/Paulo/MEFPoro/v6_static_NewHessiana_07_06_2022/build/CMakeFiles/CMakeTmp/src.c:3:
/home/oem/petsc/include/petscsys.h:162:12: fatal error: mpi.h: Arquivo ou diretório inexistente
  162 | #  include <mpi.h>
      |            ^~~~~~~
compilation terminated.
make[1]: *** [CMakeFiles/cmTC_873a7.dir/build.make:66: CMakeFiles/cmTC_873a7.dir/src.c.o] Erro 1
make[1]: Saindo do diretório '/home/oem/PRG/CPP/Paulo/MEFPoro/v6_static_NewHessiana_07_06_2022/build/CMakeFiles/CMakeTmp'
make: *** [Makefile:121: cmTC_873a7/fast] Erro 2


...and run output:

Return value: 1
Source file was:

static const char help[] = "PETSc test program.";
#include <petscts.h>
int main(int argc,char *argv[]) {
  PetscErrorCode ierr;
  TS ts;
  ierr = PetscInitialize(&argc,&argv,0,help);CHKERRQ(ierr);
  ierr = TSCreate(PETSC_COMM_WORLD,&ts);CHKERRQ(ierr);
  ierr = TSSetFromOptions(ts);CHKERRQ(ierr);
  ierr = TSDestroy(&ts);CHKERRQ(ierr);
  ierr = PetscFinalize();CHKERRQ(ierr);
  return 0;
}

